<?xml version="1.0" encoding="UTF-8"?>
<testsuite xmlns:xsi="http://www.w3.org/2001/XMLSchema-instance" xsi:noNamespaceSchemaLocation="https://maven.apache.org/surefire/maven-surefire-plugin/xsd/surefire-test-report-3.0.xsd" version="3.0" name="org.codingdojo.YatzyOnePlusTest" time="0.147" tests="30" errors="0" skipped="0" failures="0">
  <properties>
[...]
</properties>
  <testcase name="chance_scores_sum_of_all_dice(YatzyCalculator)[1]" classname="org.codingdojo.YatzyOnePlusTest" time="0.035"/>
  <testcase name="chance_scores_sum_of_all_dice(YatzyCalculator)[2]" classname="org.codingdojo.YatzyOnePlusTest" time="0.005"/>
  <testcase name="fullHouse(YatzyCalculator)[1]" classname="org.codingdojo.YatzyOnePlusTest" time="0.001"/>
  <testcase name="fullHouse(YatzyCalculator)[2]" classname="org.codingdojo.YatzyOnePlusTest" time="0"/>
  <testcase name="test_1s(YatzyCalculator)[1]" classname="org.codingdojo.YatzyOnePlusTest" time="0.001"/>
  <testcase name="test_1s(YatzyCalculator)[2]" classname="org.codingdojo.YatzyOnePlusTest" time="0"/>
  <testcase name="threes(YatzyCalculator)[1]" classname="org.codingdojo.YatzyOnePlusTest" time="0.001"/>
  <testcase name="threes(YatzyCalculator)[2]" classname="org.codingdojo.YatzyOnePlusTest" time="0.001"/>
  <testcase name="smallStraight(YatzyCalculator)[1]" classname="org.codingdojo.YatzyOnePlusTest" time="0.001"/>
  <testcase name="smallStraight(YatzyCalculator)[2]" classname="org.codingdojo.YatzyOnePlusTest" time="0.002"/>
  <testcase name="four_of_a_knd(YatzyCalculator)[1]" classname="org.codingdojo.YatzyOnePlusTest" time="0"/>
  <testcase name="four_of_a_knd(YatzyCalculator)[2]" classname="org.codingdojo.YatzyOnePlusTest" time="0.001"/>
  <testcase name="pair(YatzyCalculator)[1]" classname="org.codingdojo.YatzyOnePlusTest" time="0"/>
  <testcase name="pair(YatzyCalculator)[2]" classname="org.codingdojo.YatzyOnePlusTest" time="0.001"/>
  <testcase name="twos(YatzyCalculator)[1]" classname="org.codingdojo.YatzyOnePlusTest" time="0.001"/>
  <testcase name="twos(YatzyCalculator)[2]" classname="org.codingdojo.YatzyOnePlusTest" time="0.001"/>
  <testcase name="fives(YatzyCalculator)[1]" classname="org.codingdojo.YatzyOnePlusTest" time="0.001"/>
  <testcase name="fives(YatzyCalculator)[2]" classname="org.codingdojo.YatzyOnePlusTest" time="0.001"/>
  <testcase name="fours(YatzyCalculator)[1]" classname="org.codingdojo.YatzyOnePlusTest" time="0.001"/>
  <testcase name="fours(YatzyCalculator)[2]" classname="org.codingdojo.YatzyOnePlusTest" time="0"/>
  <testcase name="sixes(YatzyCalculator)[1]" classname="org.codingdojo.YatzyOnePlusTest" time="0"/>
  <testcase name="sixes(YatzyCalculator)[2]" classname="org.codingdojo.YatzyOnePlusTest" time="0.001"/>
  <testcase name="largeStraight(YatzyCalculator)[1]" classname="org.codingdojo.YatzyOnePlusTest" time="0"/>
  <testcase name="largeStraight(YatzyCalculator)[2]" classname="org.codingdojo.YatzyOnePlusTest" time="0.001"/>
  <testcase name="three_of_a_kind(YatzyCalculator)[1]" classname="org.codingdojo.YatzyOnePlusTest" time="0"/>
  <testcase name="three_of_a_kind(YatzyCalculator)[2]" classname="org.codingdojo.YatzyOnePlusTest" time="0"/>
  <testcase name="yatzy_scores_50(YatzyCalculator)[1]" classname="org.codingdojo.YatzyOnePlusTest" time="0.001"/>
  <testcase name="yatzy_scores_50(YatzyCalculator)[2]" classname="org.codingdojo.YatzyOnePlusTest" time="0"/>
  <testcase name="two_pair(YatzyCalculator)[1]" classname="org.codingdojo.YatzyOnePlusTest" time="0.001"/>
  <testcase name="two_pair(YatzyCalculator)[2]" classname="org.codingdojo.YatzyOnePlusTest" time="0.003"/>
</testsuite>